0 info it worked if it ends with ok
1 verbose cli [ 'node', '/Users/sethvincent/.nvm/v0.10.21/bin/npm', 'start' ]
2 info using npm@1.4.4
3 info using node@v0.10.21
4 verbose run-script [ 'prestart', 'start', 'poststart' ]
5 info prestart flatsheet@0.0.0
6 info start flatsheet@0.0.0
7 verbose unsafe-perm in lifecycle true
8 info flatsheet@0.0.0 Failed to exec start script
9 error flatsheet@0.0.0 start: `npm run watch-js & bin/rails s -p 3333`
9 error Exit status 1
10 error Failed at the flatsheet@0.0.0 start script.
10 error This is most likely a problem with the flatsheet package,
10 error not with npm itself.
10 error Tell the author that this fails on your system:
10 error     npm run watch-js & bin/rails s -p 3333
10 error You can get their info via:
10 error     npm owner ls flatsheet
10 error There is likely additional logging output above.
11 error System Darwin 13.1.0
12 error command "node" "/Users/sethvincent/.nvm/v0.10.21/bin/npm" "start"
13 error cwd /Users/sethvincent/workspace/superbigtree/apps/flatsheet/flatsheet
14 error node -v v0.10.21
15 error npm -v 1.4.4
16 error code ELIFECYCLE
17 verbose exit [ 1, true ]
